[2026-04-04 22:26:17] === sync start ===
Already up to date.
Running from:
/mnt/disc-a00/Z01-DEVOPS/workspaces/personal/cerebro/qmd/bin/qmd
Updating 1 collection(s)...

[1/1] cerebro (**/*.md)
Collection: /mnt/disc-a00/Z01-DEVOPS/workspaces/personal/cerebro/vault/raymundo_ideaverse (**/*.md)

Indexed: 0 new, 226 updated, 1836 unchanged, 0 removed
Cleaned up 226 orphaned content hash(es)

✓ All collections updated.

Run 'qmd embed' to update embeddings (226 unique hashes need vectors)
[2026-04-04 22:26:33] === sync done ===
[2026-04-04 22:48:37] === sync start ===
error: cannot pull with rebase: You have unstaged changes.
error: Please commit or stash them.
Running from:
/mnt/disc-a00/Z01-DEVOPS/workspaces/personal/cerebro/qmd/bin/qmd
node:internal/modules/cjs/loader:1661
  return process.dlopen(module, path.toNamespacedPath(filename));
                 ^

Error: The module '/mnt/disc-a00/Z01-DEVOPS/workspaces/personal/cerebro/qmd/node_modules/better-sqlite3/build/Release/better_sqlite3.node'
was compiled against a different Node.js version using
NODE_MODULE_VERSION 141. This version of Node.js requires
NODE_MODULE_VERSION 115. Please try re-compiling or re-installing
the module (for instance, using `npm rebuild` or `npm install`).
    at Module._extensions..node (node:internal/modules/cjs/loader:1661:18)
    at Module.load (node:internal/modules/cjs/loader:1266:32)
    at Module._load (node:internal/modules/cjs/loader:1091:12)
    at Module.require (node:internal/modules/cjs/loader:1289:19)
    at require (node:internal/modules/helpers:182:18)
    at bindings (/mnt/disc-a00/Z01-DEVOPS/workspaces/personal/cerebro/qmd/node_modules/bindings/bindings.js:112:48)
    at new Database (/mnt/disc-a00/Z01-DEVOPS/workspaces/personal/cerebro/qmd/node_modules/better-sqlite3/lib/database.js:48:64)
    at openDatabase (file:///mnt/disc-a00/Z01-DEVOPS/workspaces/personal/cerebro/qmd/dist/db.js:58:12)
    at createStore (file:///mnt/disc-a00/Z01-DEVOPS/workspaces/personal/cerebro/qmd/dist/store.js:1167:16)
    at getStore (file:///mnt/disc-a00/Z01-DEVOPS/workspaces/personal/cerebro/qmd/dist/cli/qmd.js:24:17) {
  code: 'ERR_DLOPEN_FAILED'
}

Node.js v20.19.6
[2026-04-04 22:48:40] === sync done ===
[2026-04-04 23:18:38] === sync start ===
error: cannot pull with rebase: You have unstaged changes.
error: Please commit or stash them.
Running from:
/mnt/disc-a00/Z01-DEVOPS/workspaces/personal/cerebro/qmd/bin/qmd
node:internal/modules/cjs/loader:1661
  return process.dlopen(module, path.toNamespacedPath(filename));
                 ^

Error: The module '/mnt/disc-a00/Z01-DEVOPS/workspaces/personal/cerebro/qmd/node_modules/better-sqlite3/build/Release/better_sqlite3.node'
was compiled against a different Node.js version using
NODE_MODULE_VERSION 141. This version of Node.js requires
NODE_MODULE_VERSION 115. Please try re-compiling or re-installing
the module (for instance, using `npm rebuild` or `npm install`).
    at Module._extensions..node (node:internal/modules/cjs/loader:1661:18)
    at Module.load (node:internal/modules/cjs/loader:1266:32)
    at Module._load (node:internal/modules/cjs/loader:1091:12)
    at Module.require (node:internal/modules/cjs/loader:1289:19)
    at require (node:internal/modules/helpers:182:18)
    at bindings (/mnt/disc-a00/Z01-DEVOPS/workspaces/personal/cerebro/qmd/node_modules/bindings/bindings.js:112:48)
    at new Database (/mnt/disc-a00/Z01-DEVOPS/workspaces/personal/cerebro/qmd/node_modules/better-sqlite3/lib/database.js:48:64)
    at openDatabase (file:///mnt/disc-a00/Z01-DEVOPS/workspaces/personal/cerebro/qmd/dist/db.js:58:12)
    at createStore (file:///mnt/disc-a00/Z01-DEVOPS/workspaces/personal/cerebro/qmd/dist/store.js:1167:16)
    at getStore (file:///mnt/disc-a00/Z01-DEVOPS/workspaces/personal/cerebro/qmd/dist/cli/qmd.js:24:17) {
  code: 'ERR_DLOPEN_FAILED'
}

Node.js v20.19.6
[2026-04-04 23:18:40] === sync done ===
[2026-04-04 23:48:41] === sync start ===
error: cannot pull with rebase: You have unstaged changes.
error: Please commit or stash them.
Running from:
/mnt/disc-a00/Z01-DEVOPS/workspaces/personal/cerebro/qmd/bin/qmd
node:internal/modules/cjs/loader:1661
  return process.dlopen(module, path.toNamespacedPath(filename));
                 ^

Error: The module '/mnt/disc-a00/Z01-DEVOPS/workspaces/personal/cerebro/qmd/node_modules/better-sqlite3/build/Release/better_sqlite3.node'
was compiled against a different Node.js version using
NODE_MODULE_VERSION 141. This version of Node.js requires
NODE_MODULE_VERSION 115. Please try re-compiling or re-installing
the module (for instance, using `npm rebuild` or `npm install`).
    at Module._extensions..node (node:internal/modules/cjs/loader:1661:18)
    at Module.load (node:internal/modules/cjs/loader:1266:32)
    at Module._load (node:internal/modules/cjs/loader:1091:12)
    at Module.require (node:internal/modules/cjs/loader:1289:19)
    at require (node:internal/modules/helpers:182:18)
    at bindings (/mnt/disc-a00/Z01-DEVOPS/workspaces/personal/cerebro/qmd/node_modules/bindings/bindings.js:112:48)
    at new Database (/mnt/disc-a00/Z01-DEVOPS/workspaces/personal/cerebro/qmd/node_modules/better-sqlite3/lib/database.js:48:64)
    at openDatabase (file:///mnt/disc-a00/Z01-DEVOPS/workspaces/personal/cerebro/qmd/dist/db.js:58:12)
    at createStore (file:///mnt/disc-a00/Z01-DEVOPS/workspaces/personal/cerebro/qmd/dist/store.js:1167:16)
    at getStore (file:///mnt/disc-a00/Z01-DEVOPS/workspaces/personal/cerebro/qmd/dist/cli/qmd.js:24:17) {
  code: 'ERR_DLOPEN_FAILED'
}

Node.js v20.19.6
[2026-04-04 23:48:43] === sync done ===
[2026-04-05 00:18:46] === sync start ===
error: cannot pull with rebase: You have unstaged changes.
error: Please commit or stash them.
Running from:
/mnt/disc-a00/Z01-DEVOPS/workspaces/personal/cerebro/qmd/bin/qmd
node:internal/modules/cjs/loader:1661
  return process.dlopen(module, path.toNamespacedPath(filename));
                 ^

Error: The module '/mnt/disc-a00/Z01-DEVOPS/workspaces/personal/cerebro/qmd/node_modules/better-sqlite3/build/Release/better_sqlite3.node'
was compiled against a different Node.js version using
NODE_MODULE_VERSION 141. This version of Node.js requires
NODE_MODULE_VERSION 115. Please try re-compiling or re-installing
the module (for instance, using `npm rebuild` or `npm install`).
    at Module._extensions..node (node:internal/modules/cjs/loader:1661:18)
    at Module.load (node:internal/modules/cjs/loader:1266:32)
    at Module._load (node:internal/modules/cjs/loader:1091:12)
    at Module.require (node:internal/modules/cjs/loader:1289:19)
    at require (node:internal/modules/helpers:182:18)
    at bindings (/mnt/disc-a00/Z01-DEVOPS/workspaces/personal/cerebro/qmd/node_modules/bindings/bindings.js:112:48)
    at new Database (/mnt/disc-a00/Z01-DEVOPS/workspaces/personal/cerebro/qmd/node_modules/better-sqlite3/lib/database.js:48:64)
    at openDatabase (file:///mnt/disc-a00/Z01-DEVOPS/workspaces/personal/cerebro/qmd/dist/db.js:58:12)
    at createStore (file:///mnt/disc-a00/Z01-DEVOPS/workspaces/personal/cerebro/qmd/dist/store.js:1167:16)
    at getStore (file:///mnt/disc-a00/Z01-DEVOPS/workspaces/personal/cerebro/qmd/dist/cli/qmd.js:24:17) {
  code: 'ERR_DLOPEN_FAILED'
}

Node.js v20.19.6
[2026-04-05 00:18:49] === sync done ===
[2026-04-05 00:48:46] === sync start ===
error: cannot pull with rebase: You have unstaged changes.
error: Please commit or stash them.
Running from:
/mnt/disc-a00/Z01-DEVOPS/workspaces/personal/cerebro/qmd/bin/qmd
node:internal/modules/cjs/loader:1661
  return process.dlopen(module, path.toNamespacedPath(filename));
                 ^

Error: The module '/mnt/disc-a00/Z01-DEVOPS/workspaces/personal/cerebro/qmd/node_modules/better-sqlite3/build/Release/better_sqlite3.node'
was compiled against a different Node.js version using
NODE_MODULE_VERSION 141. This version of Node.js requires
NODE_MODULE_VERSION 115. Please try re-compiling or re-installing
the module (for instance, using `npm rebuild` or `npm install`).
    at Module._extensions..node (node:internal/modules/cjs/loader:1661:18)
    at Module.load (node:internal/modules/cjs/loader:1266:32)
    at Module._load (node:internal/modules/cjs/loader:1091:12)
    at Module.require (node:internal/modules/cjs/loader:1289:19)
    at require (node:internal/modules/helpers:182:18)
    at bindings (/mnt/disc-a00/Z01-DEVOPS/workspaces/personal/cerebro/qmd/node_modules/bindings/bindings.js:112:48)
    at new Database (/mnt/disc-a00/Z01-DEVOPS/workspaces/personal/cerebro/qmd/node_modules/better-sqlite3/lib/database.js:48:64)
    at openDatabase (file:///mnt/disc-a00/Z01-DEVOPS/workspaces/personal/cerebro/qmd/dist/db.js:58:12)
    at createStore (file:///mnt/disc-a00/Z01-DEVOPS/workspaces/personal/cerebro/qmd/dist/store.js:1167:16)
    at getStore (file:///mnt/disc-a00/Z01-DEVOPS/workspaces/personal/cerebro/qmd/dist/cli/qmd.js:24:17) {
  code: 'ERR_DLOPEN_FAILED'
}

Node.js v20.19.6
[2026-04-05 00:48:49] === sync done ===
[2026-04-05 01:18:49] === sync start ===
error: cannot pull with rebase: You have unstaged changes.
error: Please commit or stash them.
Running from:
/mnt/disc-a00/Z01-DEVOPS/workspaces/personal/cerebro/qmd/bin/qmd
node:internal/modules/cjs/loader:1661
  return process.dlopen(module, path.toNamespacedPath(filename));
                 ^

Error: The module '/mnt/disc-a00/Z01-DEVOPS/workspaces/personal/cerebro/qmd/node_modules/better-sqlite3/build/Release/better_sqlite3.node'
was compiled against a different Node.js version using
NODE_MODULE_VERSION 141. This version of Node.js requires
NODE_MODULE_VERSION 115. Please try re-compiling or re-installing
the module (for instance, using `npm rebuild` or `npm install`).
    at Module._extensions..node (node:internal/modules/cjs/loader:1661:18)
    at Module.load (node:internal/modules/cjs/loader:1266:32)
    at Module._load (node:internal/modules/cjs/loader:1091:12)
    at Module.require (node:internal/modules/cjs/loader:1289:19)
    at require (node:internal/modules/helpers:182:18)
    at bindings (/mnt/disc-a00/Z01-DEVOPS/workspaces/personal/cerebro/qmd/node_modules/bindings/bindings.js:112:48)
    at new Database (/mnt/disc-a00/Z01-DEVOPS/workspaces/personal/cerebro/qmd/node_modules/better-sqlite3/lib/database.js:48:64)
    at openDatabase (file:///mnt/disc-a00/Z01-DEVOPS/workspaces/personal/cerebro/qmd/dist/db.js:58:12)
    at createStore (file:///mnt/disc-a00/Z01-DEVOPS/workspaces/personal/cerebro/qmd/dist/store.js:1167:16)
    at getStore (file:///mnt/disc-a00/Z01-DEVOPS/workspaces/personal/cerebro/qmd/dist/cli/qmd.js:25:17) {
  code: 'ERR_DLOPEN_FAILED'
}

Node.js v20.19.6
[2026-04-05 01:18:52] === sync done ===
[2026-04-05 01:48:50] === sync start ===
error: cannot pull with rebase: You have unstaged changes.
error: Please commit or stash them.
node:internal/modules/cjs/loader:1661
  return process.dlopen(module, path.toNamespacedPath(filename));
                 ^

Error: The module '/mnt/disc-a00/Z01-DEVOPS/workspaces/personal/cerebro/qmd/node_modules/better-sqlite3/build/Release/better_sqlite3.node'
was compiled against a different Node.js version using
NODE_MODULE_VERSION 141. This version of Node.js requires
NODE_MODULE_VERSION 115. Please try re-compiling or re-installing
the module (for instance, using `npm rebuild` or `npm install`).
    at Module._extensions..node (node:internal/modules/cjs/loader:1661:18)
    at Module.load (node:internal/modules/cjs/loader:1266:32)
    at Module._load (node:internal/modules/cjs/loader:1091:12)
    at Module.require (node:internal/modules/cjs/loader:1289:19)
    at require (node:internal/modules/helpers:182:18)
    at bindings (/mnt/disc-a00/Z01-DEVOPS/workspaces/personal/cerebro/qmd/node_modules/bindings/bindings.js:112:48)
    at new Database (/mnt/disc-a00/Z01-DEVOPS/workspaces/personal/cerebro/qmd/node_modules/better-sqlite3/lib/database.js:48:64)
    at openDatabase (file:///mnt/disc-a00/Z01-DEVOPS/workspaces/personal/cerebro/qmd/dist/db.js:58:12)
    at createStore (file:///mnt/disc-a00/Z01-DEVOPS/workspaces/personal/cerebro/qmd/dist/store.js:1167:16)
    at getStore (file:///mnt/disc-a00/Z01-DEVOPS/workspaces/personal/cerebro/qmd/dist/cli/qmd.js:25:17) {
  code: 'ERR_DLOPEN_FAILED'
}

Node.js v20.19.6
[2026-04-05 01:48:58] === sync done ===
[2026-04-05 02:18:50] === sync start ===
error: cannot pull with rebase: You have unstaged changes.
error: Please commit or stash them.
node:internal/modules/cjs/loader:1661
  return process.dlopen(module, path.toNamespacedPath(filename));
                 ^

Error: The module '/mnt/disc-a00/Z01-DEVOPS/workspaces/personal/cerebro/qmd/node_modules/better-sqlite3/build/Release/better_sqlite3.node'
was compiled against a different Node.js version using
NODE_MODULE_VERSION 141. This version of Node.js requires
NODE_MODULE_VERSION 115. Please try re-compiling or re-installing
the module (for instance, using `npm rebuild` or `npm install`).
    at Module._extensions..node (node:internal/modules/cjs/loader:1661:18)
    at Module.load (node:internal/modules/cjs/loader:1266:32)
    at Module._load (node:internal/modules/cjs/loader:1091:12)
    at Module.require (node:internal/modules/cjs/loader:1289:19)
    at require (node:internal/modules/helpers:182:18)
    at bindings (/mnt/disc-a00/Z01-DEVOPS/workspaces/personal/cerebro/qmd/node_modules/bindings/bindings.js:112:48)
    at new Database (/mnt/disc-a00/Z01-DEVOPS/workspaces/personal/cerebro/qmd/node_modules/better-sqlite3/lib/database.js:48:64)
    at openDatabase (file:///mnt/disc-a00/Z01-DEVOPS/workspaces/personal/cerebro/qmd/dist/db.js:58:12)
    at createStore (file:///mnt/disc-a00/Z01-DEVOPS/workspaces/personal/cerebro/qmd/dist/store.js:1167:16)
    at getStore (file:///mnt/disc-a00/Z01-DEVOPS/workspaces/personal/cerebro/qmd/dist/cli/qmd.js:25:17) {
  code: 'ERR_DLOPEN_FAILED'
}

Node.js v20.19.6
[2026-04-05 02:18:53] === sync done ===
[2026-04-05 02:48:52] === sync start ===
error: cannot pull with rebase: You have unstaged changes.
error: Please commit or stash them.
node:internal/modules/cjs/loader:1661
  return process.dlopen(module, path.toNamespacedPath(filename));
                 ^

Error: The module '/mnt/disc-a00/Z01-DEVOPS/workspaces/personal/cerebro/qmd/node_modules/better-sqlite3/build/Release/better_sqlite3.node'
was compiled against a different Node.js version using
NODE_MODULE_VERSION 141. This version of Node.js requires
NODE_MODULE_VERSION 115. Please try re-compiling or re-installing
the module (for instance, using `npm rebuild` or `npm install`).
    at Module._extensions..node (node:internal/modules/cjs/loader:1661:18)
    at Module.load (node:internal/modules/cjs/loader:1266:32)
    at Module._load (node:internal/modules/cjs/loader:1091:12)
    at Module.require (node:internal/modules/cjs/loader:1289:19)
    at require (node:internal/modules/helpers:182:18)
    at bindings (/mnt/disc-a00/Z01-DEVOPS/workspaces/personal/cerebro/qmd/node_modules/bindings/bindings.js:112:48)
    at new Database (/mnt/disc-a00/Z01-DEVOPS/workspaces/personal/cerebro/qmd/node_modules/better-sqlite3/lib/database.js:48:64)
    at openDatabase (file:///mnt/disc-a00/Z01-DEVOPS/workspaces/personal/cerebro/qmd/dist/db.js:58:12)
    at createStore (file:///mnt/disc-a00/Z01-DEVOPS/workspaces/personal/cerebro/qmd/dist/store.js:1167:16)
    at getStore (file:///mnt/disc-a00/Z01-DEVOPS/workspaces/personal/cerebro/qmd/dist/cli/qmd.js:25:17) {
  code: 'ERR_DLOPEN_FAILED'
}

Node.js v20.19.6
[2026-04-05 02:48:56] === sync done ===
[2026-04-05 03:18:55] === sync start ===
error: cannot pull with rebase: You have unstaged changes.
error: Please commit or stash them.
node:internal/modules/cjs/loader:1661
  return process.dlopen(module, path.toNamespacedPath(filename));
                 ^

Error: The module '/mnt/disc-a00/Z01-DEVOPS/workspaces/personal/cerebro/qmd/node_modules/better-sqlite3/build/Release/better_sqlite3.node'
was compiled against a different Node.js version using
NODE_MODULE_VERSION 141. This version of Node.js requires
NODE_MODULE_VERSION 115. Please try re-compiling or re-installing
the module (for instance, using `npm rebuild` or `npm install`).
    at Module._extensions..node (node:internal/modules/cjs/loader:1661:18)
    at Module.load (node:internal/modules/cjs/loader:1266:32)
    at Module._load (node:internal/modules/cjs/loader:1091:12)
    at Module.require (node:internal/modules/cjs/loader:1289:19)
    at require (node:internal/modules/helpers:182:18)
    at bindings (/mnt/disc-a00/Z01-DEVOPS/workspaces/personal/cerebro/qmd/node_modules/bindings/bindings.js:112:48)
    at new Database (/mnt/disc-a00/Z01-DEVOPS/workspaces/personal/cerebro/qmd/node_modules/better-sqlite3/lib/database.js:48:64)
    at openDatabase (file:///mnt/disc-a00/Z01-DEVOPS/workspaces/personal/cerebro/qmd/dist/db.js:58:12)
    at createStore (file:///mnt/disc-a00/Z01-DEVOPS/workspaces/personal/cerebro/qmd/dist/store.js:1167:16)
    at getStore (file:///mnt/disc-a00/Z01-DEVOPS/workspaces/personal/cerebro/qmd/dist/cli/qmd.js:25:17) {
  code: 'ERR_DLOPEN_FAILED'
}

Node.js v20.19.6
[2026-04-05 03:19:10] === sync done ===
[2026-04-05 03:48:56] === sync start ===
error: cannot pull with rebase: You have unstaged changes.
error: Please commit or stash them.
node:internal/modules/cjs/loader:1661
  return process.dlopen(module, path.toNamespacedPath(filename));
                 ^

Error: The module '/mnt/disc-a00/Z01-DEVOPS/workspaces/personal/cerebro/qmd/node_modules/better-sqlite3/build/Release/better_sqlite3.node'
was compiled against a different Node.js version using
NODE_MODULE_VERSION 141. This version of Node.js requires
NODE_MODULE_VERSION 115. Please try re-compiling or re-installing
the module (for instance, using `npm rebuild` or `npm install`).
    at Module._extensions..node (node:internal/modules/cjs/loader:1661:18)
    at Module.load (node:internal/modules/cjs/loader:1266:32)
    at Module._load (node:internal/modules/cjs/loader:1091:12)
    at Module.require (node:internal/modules/cjs/loader:1289:19)
    at require (node:internal/modules/helpers:182:18)
    at bindings (/mnt/disc-a00/Z01-DEVOPS/workspaces/personal/cerebro/qmd/node_modules/bindings/bindings.js:112:48)
    at new Database (/mnt/disc-a00/Z01-DEVOPS/workspaces/personal/cerebro/qmd/node_modules/better-sqlite3/lib/database.js:48:64)
    at openDatabase (file:///mnt/disc-a00/Z01-DEVOPS/workspaces/personal/cerebro/qmd/dist/db.js:58:12)
    at createStore (file:///mnt/disc-a00/Z01-DEVOPS/workspaces/personal/cerebro/qmd/dist/store.js:1167:16)
    at getStore (file:///mnt/disc-a00/Z01-DEVOPS/workspaces/personal/cerebro/qmd/dist/cli/qmd.js:25:17) {
  code: 'ERR_DLOPEN_FAILED'
}

Node.js v20.19.6
[2026-04-05 03:49:05] === sync done ===
[2026-04-05 04:18:58] === sync start ===
error: cannot pull with rebase: You have unstaged changes.
error: Please commit or stash them.
node:internal/modules/cjs/loader:1661
  return process.dlopen(module, path.toNamespacedPath(filename));
                 ^

Error: The module '/mnt/disc-a00/Z01-DEVOPS/workspaces/personal/cerebro/qmd/node_modules/better-sqlite3/build/Release/better_sqlite3.node'
was compiled against a different Node.js version using
NODE_MODULE_VERSION 141. This version of Node.js requires
NODE_MODULE_VERSION 115. Please try re-compiling or re-installing
the module (for instance, using `npm rebuild` or `npm install`).
    at Module._extensions..node (node:internal/modules/cjs/loader:1661:18)
    at Module.load (node:internal/modules/cjs/loader:1266:32)
    at Module._load (node:internal/modules/cjs/loader:1091:12)
    at Module.require (node:internal/modules/cjs/loader:1289:19)
    at require (node:internal/modules/helpers:182:18)
    at bindings (/mnt/disc-a00/Z01-DEVOPS/workspaces/personal/cerebro/qmd/node_modules/bindings/bindings.js:112:48)
    at new Database (/mnt/disc-a00/Z01-DEVOPS/workspaces/personal/cerebro/qmd/node_modules/better-sqlite3/lib/database.js:48:64)
    at openDatabase (file:///mnt/disc-a00/Z01-DEVOPS/workspaces/personal/cerebro/qmd/dist/db.js:58:12)
    at createStore (file:///mnt/disc-a00/Z01-DEVOPS/workspaces/personal/cerebro/qmd/dist/store.js:1167:16)
    at getStore (file:///mnt/disc-a00/Z01-DEVOPS/workspaces/personal/cerebro/qmd/dist/cli/qmd.js:25:17) {
  code: 'ERR_DLOPEN_FAILED'
}

Node.js v20.19.6
[2026-04-05 04:19:07] === sync done ===
[2026-04-05 04:48:59] === sync start ===
error: cannot pull with rebase: You have unstaged changes.
error: Please commit or stash them.
node:internal/modules/cjs/loader:1661
  return process.dlopen(module, path.toNamespacedPath(filename));
                 ^

Error: The module '/mnt/disc-a00/Z01-DEVOPS/workspaces/personal/cerebro/qmd/node_modules/better-sqlite3/build/Release/better_sqlite3.node'
was compiled against a different Node.js version using
NODE_MODULE_VERSION 141. This version of Node.js requires
NODE_MODULE_VERSION 115. Please try re-compiling or re-installing
the module (for instance, using `npm rebuild` or `npm install`).
    at Module._extensions..node (node:internal/modules/cjs/loader:1661:18)
    at Module.load (node:internal/modules/cjs/loader:1266:32)
    at Module._load (node:internal/modules/cjs/loader:1091:12)
    at Module.require (node:internal/modules/cjs/loader:1289:19)
    at require (node:internal/modules/helpers:182:18)
    at bindings (/mnt/disc-a00/Z01-DEVOPS/workspaces/personal/cerebro/qmd/node_modules/bindings/bindings.js:112:48)
    at new Database (/mnt/disc-a00/Z01-DEVOPS/workspaces/personal/cerebro/qmd/node_modules/better-sqlite3/lib/database.js:48:64)
    at openDatabase (file:///mnt/disc-a00/Z01-DEVOPS/workspaces/personal/cerebro/qmd/dist/db.js:58:12)
    at createStore (file:///mnt/disc-a00/Z01-DEVOPS/workspaces/personal/cerebro/qmd/dist/store.js:1167:16)
    at getStore (file:///mnt/disc-a00/Z01-DEVOPS/workspaces/personal/cerebro/qmd/dist/cli/qmd.js:25:17) {
  code: 'ERR_DLOPEN_FAILED'
}

Node.js v20.19.6
[2026-04-05 04:49:22] === sync done ===
[2026-04-05 05:19:01] === sync start ===
error: cannot pull with rebase: You have unstaged changes.
error: Please commit or stash them.
node:internal/modules/cjs/loader:1661
  return process.dlopen(module, path.toNamespacedPath(filename));
                 ^

Error: The module '/mnt/disc-a00/Z01-DEVOPS/workspaces/personal/cerebro/qmd/node_modules/better-sqlite3/build/Release/better_sqlite3.node'
was compiled against a different Node.js version using
NODE_MODULE_VERSION 141. This version of Node.js requires
NODE_MODULE_VERSION 115. Please try re-compiling or re-installing
the module (for instance, using `npm rebuild` or `npm install`).
    at Module._extensions..node (node:internal/modules/cjs/loader:1661:18)
    at Module.load (node:internal/modules/cjs/loader:1266:32)
    at Module._load (node:internal/modules/cjs/loader:1091:12)
    at Module.require (node:internal/modules/cjs/loader:1289:19)
    at require (node:internal/modules/helpers:182:18)
    at bindings (/mnt/disc-a00/Z01-DEVOPS/workspaces/personal/cerebro/qmd/node_modules/bindings/bindings.js:112:48)
    at new Database (/mnt/disc-a00/Z01-DEVOPS/workspaces/personal/cerebro/qmd/node_modules/better-sqlite3/lib/database.js:48:64)
    at openDatabase (file:///mnt/disc-a00/Z01-DEVOPS/workspaces/personal/cerebro/qmd/dist/db.js:58:12)
    at createStore (file:///mnt/disc-a00/Z01-DEVOPS/workspaces/personal/cerebro/qmd/dist/store.js:1167:16)
    at getStore (file:///mnt/disc-a00/Z01-DEVOPS/workspaces/personal/cerebro/qmd/dist/cli/qmd.js:25:17) {
  code: 'ERR_DLOPEN_FAILED'
}

Node.js v20.19.6
[2026-04-05 05:19:09] === sync done ===
[2026-04-05 05:49:01] === sync start ===
error: cannot pull with rebase: You have unstaged changes.
error: Please commit or stash them.
node:internal/modules/cjs/loader:1661
  return process.dlopen(module, path.toNamespacedPath(filename));
                 ^

Error: The module '/mnt/disc-a00/Z01-DEVOPS/workspaces/personal/cerebro/qmd/node_modules/better-sqlite3/build/Release/better_sqlite3.node'
was compiled against a different Node.js version using
NODE_MODULE_VERSION 141. This version of Node.js requires
NODE_MODULE_VERSION 115. Please try re-compiling or re-installing
the module (for instance, using `npm rebuild` or `npm install`).
    at Module._extensions..node (node:internal/modules/cjs/loader:1661:18)
    at Module.load (node:internal/modules/cjs/loader:1266:32)
    at Module._load (node:internal/modules/cjs/loader:1091:12)
    at Module.require (node:internal/modules/cjs/loader:1289:19)
    at require (node:internal/modules/helpers:182:18)
    at bindings (/mnt/disc-a00/Z01-DEVOPS/workspaces/personal/cerebro/qmd/node_modules/bindings/bindings.js:112:48)
    at new Database (/mnt/disc-a00/Z01-DEVOPS/workspaces/personal/cerebro/qmd/node_modules/better-sqlite3/lib/database.js:48:64)
    at openDatabase (file:///mnt/disc-a00/Z01-DEVOPS/workspaces/personal/cerebro/qmd/dist/db.js:58:12)
    at createStore (file:///mnt/disc-a00/Z01-DEVOPS/workspaces/personal/cerebro/qmd/dist/store.js:1167:16)
    at getStore (file:///mnt/disc-a00/Z01-DEVOPS/workspaces/personal/cerebro/qmd/dist/cli/qmd.js:25:17) {
  code: 'ERR_DLOPEN_FAILED'
}

Node.js v20.19.6
[2026-04-05 05:49:03] === sync done ===
[2026-04-05 06:19:05] === sync start ===
error: cannot pull with rebase: You have unstaged changes.
error: Please commit or stash them.
node:internal/modules/cjs/loader:1661
  return process.dlopen(module, path.toNamespacedPath(filename));
                 ^

Error: The module '/mnt/disc-a00/Z01-DEVOPS/workspaces/personal/cerebro/qmd/node_modules/better-sqlite3/build/Release/better_sqlite3.node'
was compiled against a different Node.js version using
NODE_MODULE_VERSION 141. This version of Node.js requires
NODE_MODULE_VERSION 115. Please try re-compiling or re-installing
the module (for instance, using `npm rebuild` or `npm install`).
    at Module._extensions..node (node:internal/modules/cjs/loader:1661:18)
    at Module.load (node:internal/modules/cjs/loader:1266:32)
    at Module._load (node:internal/modules/cjs/loader:1091:12)
    at Module.require (node:internal/modules/cjs/loader:1289:19)
    at require (node:internal/modules/helpers:182:18)
    at bindings (/mnt/disc-a00/Z01-DEVOPS/workspaces/personal/cerebro/qmd/node_modules/bindings/bindings.js:112:48)
    at new Database (/mnt/disc-a00/Z01-DEVOPS/workspaces/personal/cerebro/qmd/node_modules/better-sqlite3/lib/database.js:48:64)
    at openDatabase (file:///mnt/disc-a00/Z01-DEVOPS/workspaces/personal/cerebro/qmd/dist/db.js:58:12)
    at createStore (file:///mnt/disc-a00/Z01-DEVOPS/workspaces/personal/cerebro/qmd/dist/store.js:1167:16)
    at getStore (file:///mnt/disc-a00/Z01-DEVOPS/workspaces/personal/cerebro/qmd/dist/cli/qmd.js:25:17) {
  code: 'ERR_DLOPEN_FAILED'
}

Node.js v20.19.6
[2026-04-05 06:19:07] === sync done ===
[2026-04-05 06:49:06] === sync start ===
error: cannot pull with rebase: You have unstaged changes.
error: Please commit or stash them.
node:internal/modules/cjs/loader:1661
  return process.dlopen(module, path.toNamespacedPath(filename));
                 ^

Error: The module '/mnt/disc-a00/Z01-DEVOPS/workspaces/personal/cerebro/qmd/node_modules/better-sqlite3/build/Release/better_sqlite3.node'
was compiled against a different Node.js version using
NODE_MODULE_VERSION 141. This version of Node.js requires
NODE_MODULE_VERSION 115. Please try re-compiling or re-installing
the module (for instance, using `npm rebuild` or `npm install`).
    at Module._extensions..node (node:internal/modules/cjs/loader:1661:18)
    at Module.load (node:internal/modules/cjs/loader:1266:32)
    at Module._load (node:internal/modules/cjs/loader:1091:12)
    at Module.require (node:internal/modules/cjs/loader:1289:19)
    at require (node:internal/modules/helpers:182:18)
    at bindings (/mnt/disc-a00/Z01-DEVOPS/workspaces/personal/cerebro/qmd/node_modules/bindings/bindings.js:112:48)
    at new Database (/mnt/disc-a00/Z01-DEVOPS/workspaces/personal/cerebro/qmd/node_modules/better-sqlite3/lib/database.js:48:64)
    at openDatabase (file:///mnt/disc-a00/Z01-DEVOPS/workspaces/personal/cerebro/qmd/dist/db.js:58:12)
    at createStore (file:///mnt/disc-a00/Z01-DEVOPS/workspaces/personal/cerebro/qmd/dist/store.js:1167:16)
    at getStore (file:///mnt/disc-a00/Z01-DEVOPS/workspaces/personal/cerebro/qmd/dist/cli/qmd.js:25:17) {
  code: 'ERR_DLOPEN_FAILED'
}

Node.js v20.19.6
[2026-04-05 06:49:09] === sync done ===
[2026-04-05 07:19:08] === sync start ===
error: cannot pull with rebase: You have unstaged changes.
error: Please commit or stash them.
node:internal/modules/cjs/loader:1661
  return process.dlopen(module, path.toNamespacedPath(filename));
                 ^

Error: The module '/mnt/disc-a00/Z01-DEVOPS/workspaces/personal/cerebro/qmd/node_modules/better-sqlite3/build/Release/better_sqlite3.node'
was compiled against a different Node.js version using
NODE_MODULE_VERSION 141. This version of Node.js requires
NODE_MODULE_VERSION 115. Please try re-compiling or re-installing
the module (for instance, using `npm rebuild` or `npm install`).
    at Module._extensions..node (node:internal/modules/cjs/loader:1661:18)
    at Module.load (node:internal/modules/cjs/loader:1266:32)
    at Module._load (node:internal/modules/cjs/loader:1091:12)
    at Module.require (node:internal/modules/cjs/loader:1289:19)
    at require (node:internal/modules/helpers:182:18)
    at bindings (/mnt/disc-a00/Z01-DEVOPS/workspaces/personal/cerebro/qmd/node_modules/bindings/bindings.js:112:48)
    at new Database (/mnt/disc-a00/Z01-DEVOPS/workspaces/personal/cerebro/qmd/node_modules/better-sqlite3/lib/database.js:48:64)
    at openDatabase (file:///mnt/disc-a00/Z01-DEVOPS/workspaces/personal/cerebro/qmd/dist/db.js:58:12)
    at createStore (file:///mnt/disc-a00/Z01-DEVOPS/workspaces/personal/cerebro/qmd/dist/store.js:1167:16)
    at getStore (file:///mnt/disc-a00/Z01-DEVOPS/workspaces/personal/cerebro/qmd/dist/cli/qmd.js:25:17) {
  code: 'ERR_DLOPEN_FAILED'
}

Node.js v20.19.6
[2026-04-05 07:19:17] === sync done ===
[2026-04-05 07:49:10] === sync start ===
error: cannot pull with rebase: You have unstaged changes.
error: Please commit or stash them.
node:internal/modules/cjs/loader:1661
  return process.dlopen(module, path.toNamespacedPath(filename));
                 ^

Error: The module '/mnt/disc-a00/Z01-DEVOPS/workspaces/personal/cerebro/qmd/node_modules/better-sqlite3/build/Release/better_sqlite3.node'
was compiled against a different Node.js version using
NODE_MODULE_VERSION 141. This version of Node.js requires
NODE_MODULE_VERSION 115. Please try re-compiling or re-installing
the module (for instance, using `npm rebuild` or `npm install`).
    at Module._extensions..node (node:internal/modules/cjs/loader:1661:18)
    at Module.load (node:internal/modules/cjs/loader:1266:32)
    at Module._load (node:internal/modules/cjs/loader:1091:12)
    at Module.require (node:internal/modules/cjs/loader:1289:19)
    at require (node:internal/modules/helpers:182:18)
    at bindings (/mnt/disc-a00/Z01-DEVOPS/workspaces/personal/cerebro/qmd/node_modules/bindings/bindings.js:112:48)
    at new Database (/mnt/disc-a00/Z01-DEVOPS/workspaces/personal/cerebro/qmd/node_modules/better-sqlite3/lib/database.js:48:64)
    at openDatabase (file:///mnt/disc-a00/Z01-DEVOPS/workspaces/personal/cerebro/qmd/dist/db.js:58:12)
    at createStore (file:///mnt/disc-a00/Z01-DEVOPS/workspaces/personal/cerebro/qmd/dist/store.js:1167:16)
    at getStore (file:///mnt/disc-a00/Z01-DEVOPS/workspaces/personal/cerebro/qmd/dist/cli/qmd.js:25:17) {
  code: 'ERR_DLOPEN_FAILED'
}

Node.js v20.19.6
[2026-04-05 07:49:13] === sync done ===
[2026-04-05 08:19:13] === sync start ===
error: cannot pull with rebase: You have unstaged changes.
error: Please commit or stash them.
node:internal/modules/cjs/loader:1661
  return process.dlopen(module, path.toNamespacedPath(filename));
                 ^

Error: The module '/mnt/disc-a00/Z01-DEVOPS/workspaces/personal/cerebro/qmd/node_modules/better-sqlite3/build/Release/better_sqlite3.node'
was compiled against a different Node.js version using
NODE_MODULE_VERSION 141. This version of Node.js requires
NODE_MODULE_VERSION 115. Please try re-compiling or re-installing
the module (for instance, using `npm rebuild` or `npm install`).
    at Module._extensions..node (node:internal/modules/cjs/loader:1661:18)
    at Module.load (node:internal/modules/cjs/loader:1266:32)
    at Module._load (node:internal/modules/cjs/loader:1091:12)
    at Module.require (node:internal/modules/cjs/loader:1289:19)
    at require (node:internal/modules/helpers:182:18)
    at bindings (/mnt/disc-a00/Z01-DEVOPS/workspaces/personal/cerebro/qmd/node_modules/bindings/bindings.js:112:48)
    at new Database (/mnt/disc-a00/Z01-DEVOPS/workspaces/personal/cerebro/qmd/node_modules/better-sqlite3/lib/database.js:48:64)
    at openDatabase (file:///mnt/disc-a00/Z01-DEVOPS/workspaces/personal/cerebro/qmd/dist/db.js:58:12)
    at createStore (file:///mnt/disc-a00/Z01-DEVOPS/workspaces/personal/cerebro/qmd/dist/store.js:1167:16)
    at getStore (file:///mnt/disc-a00/Z01-DEVOPS/workspaces/personal/cerebro/qmd/dist/cli/qmd.js:25:17) {
  code: 'ERR_DLOPEN_FAILED'
}

Node.js v20.19.6
[2026-04-05 08:19:16] === sync done ===
[2026-04-05 08:49:14] === sync start ===
error: cannot pull with rebase: You have unstaged changes.
error: Please commit or stash them.
node:internal/modules/cjs/loader:1661
  return process.dlopen(module, path.toNamespacedPath(filename));
                 ^

Error: The module '/mnt/disc-a00/Z01-DEVOPS/workspaces/personal/cerebro/qmd/node_modules/better-sqlite3/build/Release/better_sqlite3.node'
was compiled against a different Node.js version using
NODE_MODULE_VERSION 141. This version of Node.js requires
NODE_MODULE_VERSION 115. Please try re-compiling or re-installing
the module (for instance, using `npm rebuild` or `npm install`).
    at Module._extensions..node (node:internal/modules/cjs/loader:1661:18)
    at Module.load (node:internal/modules/cjs/loader:1266:32)
    at Module._load (node:internal/modules/cjs/loader:1091:12)
    at Module.require (node:internal/modules/cjs/loader:1289:19)
    at require (node:internal/modules/helpers:182:18)
    at bindings (/mnt/disc-a00/Z01-DEVOPS/workspaces/personal/cerebro/qmd/node_modules/bindings/bindings.js:112:48)
    at new Database (/mnt/disc-a00/Z01-DEVOPS/workspaces/personal/cerebro/qmd/node_modules/better-sqlite3/lib/database.js:48:64)
    at openDatabase (file:///mnt/disc-a00/Z01-DEVOPS/workspaces/personal/cerebro/qmd/dist/db.js:58:12)
    at createStore (file:///mnt/disc-a00/Z01-DEVOPS/workspaces/personal/cerebro/qmd/dist/store.js:1167:16)
    at getStore (file:///mnt/disc-a00/Z01-DEVOPS/workspaces/personal/cerebro/qmd/dist/cli/qmd.js:25:17) {
  code: 'ERR_DLOPEN_FAILED'
}

Node.js v20.19.6
[2026-04-05 08:49:17] === sync done ===
[2026-04-05 09:19:17] === sync start ===
error: cannot pull with rebase: You have unstaged changes.
error: Please commit or stash them.
node:internal/modules/cjs/loader:1661
  return process.dlopen(module, path.toNamespacedPath(filename));
                 ^

Error: The module '/mnt/disc-a00/Z01-DEVOPS/workspaces/personal/cerebro/qmd/node_modules/better-sqlite3/build/Release/better_sqlite3.node'
was compiled against a different Node.js version using
NODE_MODULE_VERSION 141. This version of Node.js requires
NODE_MODULE_VERSION 115. Please try re-compiling or re-installing
the module (for instance, using `npm rebuild` or `npm install`).
    at Module._extensions..node (node:internal/modules/cjs/loader:1661:18)
    at Module.load (node:internal/modules/cjs/loader:1266:32)
    at Module._load (node:internal/modules/cjs/loader:1091:12)
    at Module.require (node:internal/modules/cjs/loader:1289:19)
    at require (node:internal/modules/helpers:182:18)
    at bindings (/mnt/disc-a00/Z01-DEVOPS/workspaces/personal/cerebro/qmd/node_modules/bindings/bindings.js:112:48)
    at new Database (/mnt/disc-a00/Z01-DEVOPS/workspaces/personal/cerebro/qmd/node_modules/better-sqlite3/lib/database.js:48:64)
    at openDatabase (file:///mnt/disc-a00/Z01-DEVOPS/workspaces/personal/cerebro/qmd/dist/db.js:58:12)
    at createStore (file:///mnt/disc-a00/Z01-DEVOPS/workspaces/personal/cerebro/qmd/dist/store.js:1167:16)
    at getStore (file:///mnt/disc-a00/Z01-DEVOPS/workspaces/personal/cerebro/qmd/dist/cli/qmd.js:25:17) {
  code: 'ERR_DLOPEN_FAILED'
}

Node.js v20.19.6
[2026-04-05 09:19:20] === sync done ===
[2026-04-05 09:49:19] === sync start ===
error: cannot pull with rebase: You have unstaged changes.
error: Please commit or stash them.
node:internal/modules/cjs/loader:1661
  return process.dlopen(module, path.toNamespacedPath(filename));
                 ^

Error: The module '/mnt/disc-a00/Z01-DEVOPS/workspaces/personal/cerebro/qmd/node_modules/better-sqlite3/build/Release/better_sqlite3.node'
was compiled against a different Node.js version using
NODE_MODULE_VERSION 141. This version of Node.js requires
NODE_MODULE_VERSION 115. Please try re-compiling or re-installing
the module (for instance, using `npm rebuild` or `npm install`).
    at Module._extensions..node (node:internal/modules/cjs/loader:1661:18)
    at Module.load (node:internal/modules/cjs/loader:1266:32)
    at Module._load (node:internal/modules/cjs/loader:1091:12)
    at Module.require (node:internal/modules/cjs/loader:1289:19)
    at require (node:internal/modules/helpers:182:18)
    at bindings (/mnt/disc-a00/Z01-DEVOPS/workspaces/personal/cerebro/qmd/node_modules/bindings/bindings.js:112:48)
    at new Database (/mnt/disc-a00/Z01-DEVOPS/workspaces/personal/cerebro/qmd/node_modules/better-sqlite3/lib/database.js:48:64)
    at openDatabase (file:///mnt/disc-a00/Z01-DEVOPS/workspaces/personal/cerebro/qmd/dist/db.js:58:12)
    at createStore (file:///mnt/disc-a00/Z01-DEVOPS/workspaces/personal/cerebro/qmd/dist/store.js:1167:16)
    at getStore (file:///mnt/disc-a00/Z01-DEVOPS/workspaces/personal/cerebro/qmd/dist/cli/qmd.js:25:17) {
  code: 'ERR_DLOPEN_FAILED'
}

Node.js v20.19.6
[2026-04-05 09:49:22] === sync done ===
[2026-04-05 10:19:20] === sync start ===
error: cannot pull with rebase: You have unstaged changes.
error: Please commit or stash them.
node:internal/modules/cjs/loader:1661
  return process.dlopen(module, path.toNamespacedPath(filename));
                 ^

Error: The module '/mnt/disc-a00/Z01-DEVOPS/workspaces/personal/cerebro/qmd/node_modules/better-sqlite3/build/Release/better_sqlite3.node'
was compiled against a different Node.js version using
NODE_MODULE_VERSION 141. This version of Node.js requires
NODE_MODULE_VERSION 115. Please try re-compiling or re-installing
the module (for instance, using `npm rebuild` or `npm install`).
    at Module._extensions..node (node:internal/modules/cjs/loader:1661:18)
    at Module.load (node:internal/modules/cjs/loader:1266:32)
    at Module._load (node:internal/modules/cjs/loader:1091:12)
    at Module.require (node:internal/modules/cjs/loader:1289:19)
    at require (node:internal/modules/helpers:182:18)
    at bindings (/mnt/disc-a00/Z01-DEVOPS/workspaces/personal/cerebro/qmd/node_modules/bindings/bindings.js:112:48)
    at new Database (/mnt/disc-a00/Z01-DEVOPS/workspaces/personal/cerebro/qmd/node_modules/better-sqlite3/lib/database.js:48:64)
    at openDatabase (file:///mnt/disc-a00/Z01-DEVOPS/workspaces/personal/cerebro/qmd/dist/db.js:58:12)
    at createStore (file:///mnt/disc-a00/Z01-DEVOPS/workspaces/personal/cerebro/qmd/dist/store.js:1167:16)
    at getStore (file:///mnt/disc-a00/Z01-DEVOPS/workspaces/personal/cerebro/qmd/dist/cli/qmd.js:25:17) {
  code: 'ERR_DLOPEN_FAILED'
}

Node.js v20.19.6
[2026-04-05 10:19:23] === sync done ===
[2026-04-05 10:49:23] === sync start ===
error: cannot pull with rebase: You have unstaged changes.
error: Please commit or stash them.
node:internal/modules/cjs/loader:1661
  return process.dlopen(module, path.toNamespacedPath(filename));
                 ^

Error: The module '/mnt/disc-a00/Z01-DEVOPS/workspaces/personal/cerebro/qmd/node_modules/better-sqlite3/build/Release/better_sqlite3.node'
was compiled against a different Node.js version using
NODE_MODULE_VERSION 141. This version of Node.js requires
NODE_MODULE_VERSION 115. Please try re-compiling or re-installing
the module (for instance, using `npm rebuild` or `npm install`).
    at Module._extensions..node (node:internal/modules/cjs/loader:1661:18)
    at Module.load (node:internal/modules/cjs/loader:1266:32)
    at Module._load (node:internal/modules/cjs/loader:1091:12)
    at Module.require (node:internal/modules/cjs/loader:1289:19)
    at require (node:internal/modules/helpers:182:18)
    at bindings (/mnt/disc-a00/Z01-DEVOPS/workspaces/personal/cerebro/qmd/node_modules/bindings/bindings.js:112:48)
    at new Database (/mnt/disc-a00/Z01-DEVOPS/workspaces/personal/cerebro/qmd/node_modules/better-sqlite3/lib/database.js:48:64)
    at openDatabase (file:///mnt/disc-a00/Z01-DEVOPS/workspaces/personal/cerebro/qmd/dist/db.js:58:12)
    at createStore (file:///mnt/disc-a00/Z01-DEVOPS/workspaces/personal/cerebro/qmd/dist/store.js:1167:16)
    at getStore (file:///mnt/disc-a00/Z01-DEVOPS/workspaces/personal/cerebro/qmd/dist/cli/qmd.js:25:17) {
  code: 'ERR_DLOPEN_FAILED'
}

Node.js v20.19.6
[2026-04-05 10:49:26] === sync done ===
[2026-04-05 11:19:26] === sync start ===
error: cannot pull with rebase: You have unstaged changes.
error: Please commit or stash them.
node:internal/modules/cjs/loader:1661
  return process.dlopen(module, path.toNamespacedPath(filename));
                 ^

Error: The module '/mnt/disc-a00/Z01-DEVOPS/workspaces/personal/cerebro/qmd/node_modules/better-sqlite3/build/Release/better_sqlite3.node'
was compiled against a different Node.js version using
NODE_MODULE_VERSION 141. This version of Node.js requires
NODE_MODULE_VERSION 115. Please try re-compiling or re-installing
the module (for instance, using `npm rebuild` or `npm install`).
    at Module._extensions..node (node:internal/modules/cjs/loader:1661:18)
    at Module.load (node:internal/modules/cjs/loader:1266:32)
    at Module._load (node:internal/modules/cjs/loader:1091:12)
    at Module.require (node:internal/modules/cjs/loader:1289:19)
    at require (node:internal/modules/helpers:182:18)
    at bindings (/mnt/disc-a00/Z01-DEVOPS/workspaces/personal/cerebro/qmd/node_modules/bindings/bindings.js:112:48)
    at new Database (/mnt/disc-a00/Z01-DEVOPS/workspaces/personal/cerebro/qmd/node_modules/better-sqlite3/lib/database.js:48:64)
    at openDatabase (file:///mnt/disc-a00/Z01-DEVOPS/workspaces/personal/cerebro/qmd/dist/db.js:58:12)
    at createStore (file:///mnt/disc-a00/Z01-DEVOPS/workspaces/personal/cerebro/qmd/dist/store.js:1167:16)
    at getStore (file:///mnt/disc-a00/Z01-DEVOPS/workspaces/personal/cerebro/qmd/dist/cli/qmd.js:25:17) {
  code: 'ERR_DLOPEN_FAILED'
}

Node.js v20.19.6
[2026-04-05 11:19:29] === sync done ===
[2026-04-05 11:49:26] === sync start ===
error: cannot pull with rebase: You have unstaged changes.
error: Please commit or stash them.
node:internal/modules/cjs/loader:1661
  return process.dlopen(module, path.toNamespacedPath(filename));
                 ^

Error: The module '/mnt/disc-a00/Z01-DEVOPS/workspaces/personal/cerebro/qmd/node_modules/better-sqlite3/build/Release/better_sqlite3.node'
was compiled against a different Node.js version using
NODE_MODULE_VERSION 141. This version of Node.js requires
NODE_MODULE_VERSION 115. Please try re-compiling or re-installing
the module (for instance, using `npm rebuild` or `npm install`).
    at Module._extensions..node (node:internal/modules/cjs/loader:1661:18)
    at Module.load (node:internal/modules/cjs/loader:1266:32)
    at Module._load (node:internal/modules/cjs/loader:1091:12)
    at Module.require (node:internal/modules/cjs/loader:1289:19)
    at require (node:internal/modules/helpers:182:18)
    at bindings (/mnt/disc-a00/Z01-DEVOPS/workspaces/personal/cerebro/qmd/node_modules/bindings/bindings.js:112:48)
    at new Database (/mnt/disc-a00/Z01-DEVOPS/workspaces/personal/cerebro/qmd/node_modules/better-sqlite3/lib/database.js:48:64)
    at openDatabase (file:///mnt/disc-a00/Z01-DEVOPS/workspaces/personal/cerebro/qmd/dist/db.js:58:12)
    at createStore (file:///mnt/disc-a00/Z01-DEVOPS/workspaces/personal/cerebro/qmd/dist/store.js:1167:16)
    at getStore (file:///mnt/disc-a00/Z01-DEVOPS/workspaces/personal/cerebro/qmd/dist/cli/qmd.js:25:17) {
  code: 'ERR_DLOPEN_FAILED'
}

Node.js v20.19.6
[2026-04-05 11:49:34] === sync done ===
[2026-04-05 12:19:28] === sync start ===
error: cannot pull with rebase: You have unstaged changes.
error: Please commit or stash them.
node:internal/modules/cjs/loader:1661
  return process.dlopen(module, path.toNamespacedPath(filename));
                 ^

Error: The module '/mnt/disc-a00/Z01-DEVOPS/workspaces/personal/cerebro/qmd/node_modules/better-sqlite3/build/Release/better_sqlite3.node'
was compiled against a different Node.js version using
NODE_MODULE_VERSION 141. This version of Node.js requires
NODE_MODULE_VERSION 115. Please try re-compiling or re-installing
the module (for instance, using `npm rebuild` or `npm install`).
    at Module._extensions..node (node:internal/modules/cjs/loader:1661:18)
    at Module.load (node:internal/modules/cjs/loader:1266:32)
    at Module._load (node:internal/modules/cjs/loader:1091:12)
    at Module.require (node:internal/modules/cjs/loader:1289:19)
    at require (node:internal/modules/helpers:182:18)
    at bindings (/mnt/disc-a00/Z01-DEVOPS/workspaces/personal/cerebro/qmd/node_modules/bindings/bindings.js:112:48)
    at new Database (/mnt/disc-a00/Z01-DEVOPS/workspaces/personal/cerebro/qmd/node_modules/better-sqlite3/lib/database.js:48:64)
    at openDatabase (file:///mnt/disc-a00/Z01-DEVOPS/workspaces/personal/cerebro/qmd/dist/db.js:58:12)
    at createStore (file:///mnt/disc-a00/Z01-DEVOPS/workspaces/personal/cerebro/qmd/dist/store.js:1167:16)
    at getStore (file:///mnt/disc-a00/Z01-DEVOPS/workspaces/personal/cerebro/qmd/dist/cli/qmd.js:25:17) {
  code: 'ERR_DLOPEN_FAILED'
}

Node.js v20.19.6
[2026-04-05 12:19:31] === sync done ===
[2026-04-05 12:49:30] === sync start ===
error: cannot pull with rebase: You have unstaged changes.
error: Please commit or stash them.
node:internal/modules/cjs/loader:1661
  return process.dlopen(module, path.toNamespacedPath(filename));
                 ^

Error: The module '/mnt/disc-a00/Z01-DEVOPS/workspaces/personal/cerebro/qmd/node_modules/better-sqlite3/build/Release/better_sqlite3.node'
was compiled against a different Node.js version using
NODE_MODULE_VERSION 141. This version of Node.js requires
NODE_MODULE_VERSION 115. Please try re-compiling or re-installing
the module (for instance, using `npm rebuild` or `npm install`).
    at Module._extensions..node (node:internal/modules/cjs/loader:1661:18)
    at Module.load (node:internal/modules/cjs/loader:1266:32)
    at Module._load (node:internal/modules/cjs/loader:1091:12)
    at Module.require (node:internal/modules/cjs/loader:1289:19)
    at require (node:internal/modules/helpers:182:18)
    at bindings (/mnt/disc-a00/Z01-DEVOPS/workspaces/personal/cerebro/qmd/node_modules/bindings/bindings.js:112:48)
    at new Database (/mnt/disc-a00/Z01-DEVOPS/workspaces/personal/cerebro/qmd/node_modules/better-sqlite3/lib/database.js:48:64)
    at openDatabase (file:///mnt/disc-a00/Z01-DEVOPS/workspaces/personal/cerebro/qmd/dist/db.js:58:12)
    at createStore (file:///mnt/disc-a00/Z01-DEVOPS/workspaces/personal/cerebro/qmd/dist/store.js:1167:16)
    at getStore (file:///mnt/disc-a00/Z01-DEVOPS/workspaces/personal/cerebro/qmd/dist/cli/qmd.js:25:17) {
  code: 'ERR_DLOPEN_FAILED'
}

Node.js v20.19.6
[2026-04-05 12:49:32] === sync done ===
[2026-04-05 13:19:34] === sync start ===
error: cannot pull with rebase: You have unstaged changes.
error: Please commit or stash them.
node:internal/modules/cjs/loader:1661
  return process.dlopen(module, path.toNamespacedPath(filename));
                 ^

Error: The module '/mnt/disc-a00/Z01-DEVOPS/workspaces/personal/cerebro/qmd/node_modules/better-sqlite3/build/Release/better_sqlite3.node'
was compiled against a different Node.js version using
NODE_MODULE_VERSION 141. This version of Node.js requires
NODE_MODULE_VERSION 115. Please try re-compiling or re-installing
the module (for instance, using `npm rebuild` or `npm install`).
    at Module._extensions..node (node:internal/modules/cjs/loader:1661:18)
    at Module.load (node:internal/modules/cjs/loader:1266:32)
    at Module._load (node:internal/modules/cjs/loader:1091:12)
    at Module.require (node:internal/modules/cjs/loader:1289:19)
    at require (node:internal/modules/helpers:182:18)
    at bindings (/mnt/disc-a00/Z01-DEVOPS/workspaces/personal/cerebro/qmd/node_modules/bindings/bindings.js:112:48)
    at new Database (/mnt/disc-a00/Z01-DEVOPS/workspaces/personal/cerebro/qmd/node_modules/better-sqlite3/lib/database.js:48:64)
    at openDatabase (file:///mnt/disc-a00/Z01-DEVOPS/workspaces/personal/cerebro/qmd/dist/db.js:58:12)
    at createStore (file:///mnt/disc-a00/Z01-DEVOPS/workspaces/personal/cerebro/qmd/dist/store.js:1167:16)
    at getStore (file:///mnt/disc-a00/Z01-DEVOPS/workspaces/personal/cerebro/qmd/dist/cli/qmd.js:25:17) {
  code: 'ERR_DLOPEN_FAILED'
}

Node.js v20.19.6
[2026-04-05 13:19:36] === sync done ===
[2026-04-05 13:49:39] === sync start ===
error: cannot pull with rebase: You have unstaged changes.
error: Please commit or stash them.
node:internal/modules/cjs/loader:1661
  return process.dlopen(module, path.toNamespacedPath(filename));
                 ^

Error: The module '/mnt/disc-a00/Z01-DEVOPS/workspaces/personal/cerebro/qmd/node_modules/better-sqlite3/build/Release/better_sqlite3.node'
was compiled against a different Node.js version using
NODE_MODULE_VERSION 141. This version of Node.js requires
NODE_MODULE_VERSION 115. Please try re-compiling or re-installing
the module (for instance, using `npm rebuild` or `npm install`).
    at Module._extensions..node (node:internal/modules/cjs/loader:1661:18)
    at Module.load (node:internal/modules/cjs/loader:1266:32)
    at Module._load (node:internal/modules/cjs/loader:1091:12)
    at Module.require (node:internal/modules/cjs/loader:1289:19)
    at require (node:internal/modules/helpers:182:18)
    at bindings (/mnt/disc-a00/Z01-DEVOPS/workspaces/personal/cerebro/qmd/node_modules/bindings/bindings.js:112:48)
    at new Database (/mnt/disc-a00/Z01-DEVOPS/workspaces/personal/cerebro/qmd/node_modules/better-sqlite3/lib/database.js:48:64)
    at openDatabase (file:///mnt/disc-a00/Z01-DEVOPS/workspaces/personal/cerebro/qmd/dist/db.js:58:12)
    at createStore (file:///mnt/disc-a00/Z01-DEVOPS/workspaces/personal/cerebro/qmd/dist/store.js:1167:16)
    at getStore (file:///mnt/disc-a00/Z01-DEVOPS/workspaces/personal/cerebro/qmd/dist/cli/qmd.js:25:17) {
  code: 'ERR_DLOPEN_FAILED'
}

Node.js v20.19.6
[2026-04-05 13:49:41] === sync done ===
[2026-04-05 14:19:43] === sync start ===
error: cannot pull with rebase: You have unstaged changes.
error: Please commit or stash them.
node:internal/modules/cjs/loader:1661
  return process.dlopen(module, path.toNamespacedPath(filename));
                 ^

Error: The module '/mnt/disc-a00/Z01-DEVOPS/workspaces/personal/cerebro/qmd/node_modules/better-sqlite3/build/Release/better_sqlite3.node'
was compiled against a different Node.js version using
NODE_MODULE_VERSION 141. This version of Node.js requires
NODE_MODULE_VERSION 115. Please try re-compiling or re-installing
the module (for instance, using `npm rebuild` or `npm install`).
    at Module._extensions..node (node:internal/modules/cjs/loader:1661:18)
    at Module.load (node:internal/modules/cjs/loader:1266:32)
    at Module._load (node:internal/modules/cjs/loader:1091:12)
    at Module.require (node:internal/modules/cjs/loader:1289:19)
    at require (node:internal/modules/helpers:182:18)
    at bindings (/mnt/disc-a00/Z01-DEVOPS/workspaces/personal/cerebro/qmd/node_modules/bindings/bindings.js:112:48)
    at new Database (/mnt/disc-a00/Z01-DEVOPS/workspaces/personal/cerebro/qmd/node_modules/better-sqlite3/lib/database.js:48:64)
    at openDatabase (file:///mnt/disc-a00/Z01-DEVOPS/workspaces/personal/cerebro/qmd/dist/db.js:58:12)
    at createStore (file:///mnt/disc-a00/Z01-DEVOPS/workspaces/personal/cerebro/qmd/dist/store.js:1167:16)
    at getStore (file:///mnt/disc-a00/Z01-DEVOPS/workspaces/personal/cerebro/qmd/dist/cli/qmd.js:25:17) {
  code: 'ERR_DLOPEN_FAILED'
}

Node.js v20.19.6
[2026-04-05 14:19:46] === sync done ===
[2026-04-05 14:49:46] === sync start ===
error: cannot pull with rebase: You have unstaged changes.
error: Please commit or stash them.
node:internal/modules/cjs/loader:1661
  return process.dlopen(module, path.toNamespacedPath(filename));
                 ^

Error: The module '/mnt/disc-a00/Z01-DEVOPS/workspaces/personal/cerebro/qmd/node_modules/better-sqlite3/build/Release/better_sqlite3.node'
was compiled against a different Node.js version using
NODE_MODULE_VERSION 141. This version of Node.js requires
NODE_MODULE_VERSION 115. Please try re-compiling or re-installing
the module (for instance, using `npm rebuild` or `npm install`).
    at Module._extensions..node (node:internal/modules/cjs/loader:1661:18)
    at Module.load (node:internal/modules/cjs/loader:1266:32)
    at Module._load (node:internal/modules/cjs/loader:1091:12)
    at Module.require (node:internal/modules/cjs/loader:1289:19)
    at require (node:internal/modules/helpers:182:18)
    at bindings (/mnt/disc-a00/Z01-DEVOPS/workspaces/personal/cerebro/qmd/node_modules/bindings/bindings.js:112:48)
    at new Database (/mnt/disc-a00/Z01-DEVOPS/workspaces/personal/cerebro/qmd/node_modules/better-sqlite3/lib/database.js:48:64)
    at openDatabase (file:///mnt/disc-a00/Z01-DEVOPS/workspaces/personal/cerebro/qmd/dist/db.js:58:12)
    at createStore (file:///mnt/disc-a00/Z01-DEVOPS/workspaces/personal/cerebro/qmd/dist/store.js:1167:16)
    at getStore (file:///mnt/disc-a00/Z01-DEVOPS/workspaces/personal/cerebro/qmd/dist/cli/qmd.js:25:17) {
  code: 'ERR_DLOPEN_FAILED'
}

Node.js v20.19.6
[2026-04-05 14:49:49] === sync done ===
/mnt/disc-a00/Z01-DEVOPS/workspaces/personal/cerebro/scripts/sync-and-embed.sh: line 8: cd: /home/jabes/cerebro: No such file or directory
[2026-04-05 15:02:53] Pulling...
error: cannot pull with rebase: You have unstaged changes.
error: Please commit or stash them.
[2026-04-05 15:03:59] Pulling...
error: cannot pull with rebase: You have unstaged changes.
error: Please commit or stash them.
